\BOOKMARK [1][-]{section*.3}{Introduction}{}% 1
\BOOKMARK [1][-]{section*.4}{RELATED WORK}{}% 2
\BOOKMARK [2][-]{section*.5}{Concept of Association}{section*.4}% 3
\BOOKMARK [2][-]{section*.6}{Crowdsourcing}{section*.4}% 4
\BOOKMARK [2][-]{section*.7}{User Interface}{section*.4}% 5
\BOOKMARK [2][-]{section*.8}{Decision Tree}{section*.4}% 6
\BOOKMARK [1][-]{section*.9}{SYSTEM DESCRIPTON}{}% 7
\BOOKMARK [2][-]{section*.10}{Basic workflow}{section*.9}% 8
\BOOKMARK [2][-]{section*.11}{Training data collecting - Crowdsourcing}{section*.9}% 9
\BOOKMARK [3][-]{section*.12}{Survey}{section*.11}% 10
\BOOKMARK [3][-]{section*.13}{Route drawing}{section*.11}% 11
\BOOKMARK [3][-]{section*.14}{Decision tree constructing}{section*.11}% 12
\BOOKMARK [2][-]{section*.15}{First Page Copyright Notice}{section*.9}% 13
\BOOKMARK [2][-]{section*.16}{Subsequent Pages}{section*.9}% 14
\BOOKMARK [2][-]{section*.17}{References and Citations}{section*.9}% 15
\BOOKMARK [1][-]{section*.18}{Sections}{}% 16
\BOOKMARK [2][-]{section*.19}{Subsections}{section*.18}% 17
\BOOKMARK [3][-]{section*.20}{Sub-subsections}{section*.19}% 18
\BOOKMARK [1][-]{section*.21}{Figures/Captions}{}% 19
\BOOKMARK [1][-]{section*.22}{Language, Style and Content}{}% 20
\BOOKMARK [1][-]{section*.23}{Accessibility}{}% 21
\BOOKMARK [1][-]{section*.24}{Page Numbering, Headers and Footers}{}% 22
\BOOKMARK [1][-]{section*.25}{Producing and Testing PDF Files}{}% 23
\BOOKMARK [1][-]{section*.26}{Blind Review}{}% 24
\BOOKMARK [1][-]{section*.27}{Conclusion}{}% 25
\BOOKMARK [1][-]{section*.28}{Acknowledgments}{}% 26
\BOOKMARK [1][-]{section*.29}{References format}{}% 27
