\BOOKMARK [1][-]{section*.3}{Introduction}{}% 1
\BOOKMARK [1][-]{section*.4}{RELATED WORK}{}% 2
\BOOKMARK [2][-]{section*.5}{abc}{section*.4}% 3
\BOOKMARK [1][-]{section*.6}{Typeset Text}{}% 4
\BOOKMARK [2][-]{section*.7}{Title and Authors}{section*.6}% 5
\BOOKMARK [2][-]{section*.8}{Abstract and Keywords}{section*.6}% 6
\BOOKMARK [2][-]{section*.9}{Normal or Body Text}{section*.6}% 7
\BOOKMARK [2][-]{section*.10}{First Page Copyright Notice}{section*.6}% 8
\BOOKMARK [2][-]{section*.11}{Subsequent Pages}{section*.6}% 9
\BOOKMARK [2][-]{section*.12}{References and Citations}{section*.6}% 10
\BOOKMARK [1][-]{section*.13}{Sections}{}% 11
\BOOKMARK [2][-]{section*.14}{Subsections}{section*.13}% 12
\BOOKMARK [3][-]{section*.15}{Sub-subsections}{section*.14}% 13
\BOOKMARK [1][-]{section*.16}{Figures/Captions}{}% 14
\BOOKMARK [1][-]{section*.17}{Language, Style and Content}{}% 15
\BOOKMARK [1][-]{section*.18}{Accessibility}{}% 16
\BOOKMARK [1][-]{section*.19}{Page Numbering, Headers and Footers}{}% 17
\BOOKMARK [1][-]{section*.20}{Producing and Testing PDF Files}{}% 18
\BOOKMARK [1][-]{section*.21}{Blind Review}{}% 19
\BOOKMARK [1][-]{section*.22}{Conclusion}{}% 20
\BOOKMARK [1][-]{section*.23}{Acknowledgments}{}% 21
\BOOKMARK [1][-]{section*.24}{References format}{}% 22
\BOOKMARK [1][-]{section*.25}{REFERENCES }{}% 23
